# JRE version: OpenJDK Runtime Environment (8.0_76-b03) (build 1.8.0_76-release-b03)
# Java VM: OpenJDK 64-Bit Server VM (25.76-b03 mixed mode linux-amd64 compressed oops)
Heap:
 PSYoungGen      total 269312K, used 269310K [0x00000000eab00000, 0x00000000fee00000, 0x0000000100000000)
  eden space 240128K, 100% used [0x00000000eab00000,0x00000000f9580000,0x00000000f9580000)
  from space 29184K, 99% used [0x00000000fbc80000,0x00000000fd8ffaf8,0x00000000fd900000)
  to   space 39936K, 78% used [0x00000000f9580000,0x00000000fb413cf8,0x00000000fbc80000)
 ParOldGen       total 699392K, used 52213K [0x00000000c0000000, 0x00000000eab00000, 0x00000000eab00000)
  object space 699392K, 7% used [0x00000000c0000000,0x00000000c32fd598,0x00000000eab00000)
 Metaspace       used 6418K, capacity 7216K, committed 7296K, reserved 1056768K
  class space    used 589K, capacity 616K, committed 640K, reserved 1048576K
GC Heap History (10 events):
Event: 6,208 GC heap after
Heap after GC invocations=4 (full 0):
 PSYoungGen      total 68608K, used 5088K [0x00000000eab00000, 0x00000000ef300000, 0x0000000100000000)
  eden space 63488K, 0% used [0x00000000eab00000,0x00000000eab00000,0x00000000ee900000)
  from space 5120K, 99% used [0x00000000eee00000,0x00000000ef2f8028,0x00000000ef300000)
  to   space 5120K, 0% used [0x00000000ee900000,0x00000000ee900000,0x00000000eee00000)
 ParOldGen       total 84992K, used 12007K [0x00000000c0000000, 0x00000000c5300000, 0x00000000eab00000)
  object space 84992K, 14% used [0x00000000c0000000,0x00000000c0bb9d08,0x00000000c5300000)
 Metaspace       used 5893K, capacity 6896K, committed 7040K, reserved 1056768K
  class space    used 570K, capacity 616K, committed 640K, reserved 1048576K
}
Event: 8,220 GC heap before
{Heap before GC invocations=5 (full 0):
 PSYoungGen      total 68608K, used 68576K [0x00000000eab00000, 0x00000000ef300000, 0x0000000100000000)
  eden space 63488K, 100% used [0x00000000eab00000,0x00000000ee900000,0x00000000ee900000)
  from space 5120K, 99% used [0x00000000eee00000,0x00000000ef2f8028,0x00000000ef300000)
  to   space 5120K, 0% used [0x00000000ee900000,0x00000000ee900000,0x00000000eee00000)
 ParOldGen       total 84992K, used 12007K [0x00000000c0000000, 0x00000000c5300000, 0x00000000eab00000)
  object space 84992K, 14% used [0x00000000c0000000,0x00000000c0bb9d08,0x00000000c5300000)
 Metaspace       used 5996K, capacity 6960K, committed 7040K, reserved 1056768K
  class space    used 571K, capacity 616K, committed 640K, reserved 1048576K
Event: 8,397 GC heap after
Heap after GC invocations=5 (full 0):
 PSYoungGen      total 68608K, used 5115K [0x00000000eab00000, 0x00000000f4c00000, 0x0000000100000000)
  eden space 63488K, 0% used [0x00000000eab00000,0x00000000eab00000,0x00000000ee900000)
  from space 5120K, 99% used [0x00000000ee900000,0x00000000eedfed80,0x00000000eee00000)
  to   space 18944K, 0% used [0x00000000f3980000,0x00000000f3980000,0x00000000f4c00000)
 ParOldGen       total 84992K, used 22761K [0x00000000c0000000, 0x00000000c5300000, 0x00000000eab00000)
  object space 84992K, 26% used [0x00000000c0000000,0x00000000c163a670,0x00000000c5300000)
 Metaspace       used 5996K, capacity 6960K, committed 7040K, reserved 1056768K
  class space    used 571K, capacity 616K, committed 640K, reserved 1048576K
}
Event: 10,399 GC heap before
{Heap before GC invocations=6 (full 0):
 PSYoungGen      total 68608K, used 68603K [0x00000000eab00000, 0x00000000f4c00000, 0x0000000100000000)
  eden space 63488K, 100% used [0x00000000eab00000,0x00000000ee900000,0x00000000ee900000)
  from space 5120K, 99% used [0x00000000ee900000,0x00000000eedfed80,0x00000000eee00000)
  to   space 18944K, 0% used [0x00000000f3980000,0x00000000f3980000,0x00000000f4c00000)
 ParOldGen       total 84992K, used 22761K [0x00000000c0000000, 0x00000000c5300000, 0x00000000eab00000)
  object space 84992K, 26% used [0x00000000c0000000,0x00000000c163a670,0x00000000c5300000)
 Metaspace       used 6063K, capacity 7024K, committed 7296K, reserved 1056768K
  class space    used 571K, capacity 616K, committed 640K, reserved 1048576K
Event: 10,527 GC heap after
Heap after GC invocations=6 (full 0):
 PSYoungGen      total 144384K, used 14505K [0x00000000eab00000, 0x00000000f4f00000, 0x0000000100000000)
  eden space 125440K, 0% used [0x00000000eab00000,0x00000000eab00000,0x00000000f2580000)
  from space 18944K, 76% used [0x00000000f3980000,0x00000000f47aa7f0,0x00000000f4c00000)
  to   space 20480K, 0% used [0x00000000f2580000,0x00000000f2580000,0x00000000f3980000)
 ParOldGen       total 84992K, used 22761K [0x00000000c0000000, 0x00000000c5300000, 0x00000000eab00000)
  object space 84992K, 26% used [0x00000000c0000000,0x00000000c163a670,0x00000000c5300000)
 Metaspace       used 6063K, capacity 7024K, committed 7296K, reserved 1056768K
  class space    used 571K, capacity 616K, committed 640K, reserved 1048576K
}
Event: 13,561 GC heap before
{Heap before GC invocations=7 (full 0):
 PSYoungGen      total 144384K, used 139945K [0x00000000eab00000, 0x00000000f4f00000, 0x0000000100000000)
  eden space 125440K, 100% used [0x00000000eab00000,0x00000000f2580000,0x00000000f2580000)
  from space 18944K, 76% used [0x00000000f3980000,0x00000000f47aa7f0,0x00000000f4c00000)
  to   space 20480K, 0% used [0x00000000f2580000,0x00000000f2580000,0x00000000f3980000)
 ParOldGen       total 84992K, used 22761K [0x00000000c0000000, 0x00000000c5300000, 0x00000000eab00000)
  object space 84992K, 26% used [0x00000000c0000000,0x00000000c163a670,0x00000000c5300000)
 Metaspace       used 6299K, capacity 7152K, committed 7296K, reserved 1056768K
  class space    used 589K, capacity 616K, committed 640K, reserved 1048576K
Event: 13,836 GC heap after
Heap after GC invocations=7 (full 0):
 PSYoungGen      total 145920K, used 20472K [0x00000000eab00000, 0x00000000fd900000, 0x0000000100000000)
  eden space 125440K, 0% used [0x00000000eab00000,0x00000000eab00000,0x00000000f2580000)
  from space 20480K, 99% used [0x00000000f2580000,0x00000000f397e298,0x00000000f3980000)
  to   space 29184K, 0% used [0x00000000fbc80000,0x00000000fbc80000,0x00000000fd900000)
 ParOldGen       total 84992K, used 32844K [0x00000000c0000000, 0x00000000c5300000, 0x00000000eab00000)
  object space 84992K, 38% used [0x00000000c0000000,0x00000000c20130f0,0x00000000c5300000)
 Metaspace       used 6299K, capacity 7152K, committed 7296K, reserved 1056768K
  class space    used 589K, capacity 616K, committed 640K, reserved 1048576K
}
Event: 16,543 GC heap before
{Heap before GC invocations=8 (full 0):
 PSYoungGen      total 145920K, used 145912K [0x00000000eab00000, 0x00000000fd900000, 0x0000000100000000)
  eden space 125440K, 100% used [0x00000000eab00000,0x00000000f2580000,0x00000000f2580000)
  from space 20480K, 99% used [0x00000000f2580000,0x00000000f397e298,0x00000000f3980000)
  to   space 29184K, 0% used [0x00000000fbc80000,0x00000000fbc80000,0x00000000fd900000)
 ParOldGen       total 84992K, used 32844K [0x00000000c0000000, 0x00000000c5300000, 0x00000000eab00000)
  object space 84992K, 38% used [0x00000000c0000000,0x00000000c20130f0,0x00000000c5300000)
 Metaspace       used 6389K, capacity 7152K, committed 7296K, reserved 1056768K
  class space    used 589K, capacity 616K, committed 640K, reserved 1048576K
Event: 16,801 GC heap after
Heap after GC invocations=8 (full 0):
 PSYoungGen      total 269312K, used 29182K [0x00000000eab00000, 0x00000000fee00000, 0x0000000100000000)
  eden space 240128K, 0% used [0x00000000eab00000,0x00000000eab00000,0x00000000f9580000)
  from space 29184K, 99% used [0x00000000fbc80000,0x00000000fd8ffaf8,0x00000000fd900000)
  to   space 39936K, 0% used [0x00000000f9580000,0x00000000f9580000,0x00000000fbc80000)
 ParOldGen       total 84992K, used 44443K [0x00000000c0000000, 0x00000000c5300000, 0x00000000eab00000)
  object space 84992K, 52% used [0x00000000c0000000,0x00000000c2b66f60,0x00000000c5300000)
 Metaspace       used 6389K, capacity 7152K, committed 7296K, reserved 1056768K
  class space    used 589K, capacity 616K, committed 640K, reserved 1048576K
}
Event: 19,334 GC heap before
{Heap before GC invocations=9 (full 0):
 PSYoungGen      total 269312K, used 269310K [0x00000000eab00000, 0x00000000fee00000, 0x0000000100000000)
  eden space 240128K, 100% used [0x00000000eab00000,0x00000000f9580000,0x00000000f9580000)
  from space 29184K, 99% used [0x00000000fbc80000,0x00000000fd8ffaf8,0x00000000fd900000)
  to   space 39936K, 0% used [0x00000000f9580000,0x00000000f9580000,0x00000000fbc80000)
 ParOldGen       total 84992K, used 44443K [0x00000000c0000000, 0x00000000c5300000, 0x00000000eab00000)
  object space 84992K, 52% used [0x00000000c0000000,0x00000000c2b66f60,0x00000000c5300000)
 Metaspace       used 6418K, capacity 7216K, committed 7296K, reserved 1056768K
  class space    used 589K, capacity 616K, committed 640K, reserved 1048576K

